<?xml version="1.0" encoding="UTF-8"?>
<testng-results ignored="0" total="1" passed="1" failed="0" skipped="0">
  <reporter-output>
  </reporter-output>
  <suite started-at="2025-02-09T23:06:54 IST" name="Suite" finished-at="2025-02-09T23:07:06 IST" duration-ms="11481">
    <groups>
      <group name="smoke">
        <method signature="SubcategoryTest.deleteExistingSubcategoryFromSubcategoryList()[pri:0, instance:testcases.SubcategoryTest@2f01783a]" name="deleteExistingSubcategoryFromSubcategoryList" class="testcases.SubcategoryTest"/>
      </group> <!-- smoke -->
    </groups>
    <test started-at="2025-02-09T23:06:54 IST" name="TestNG" finished-at="2025-02-09T23:07:06 IST" duration-ms="11481">
      <class name="testcases.SubcategoryTest">
        <test-method is-config="true" signature="initializeBrowser(java.lang.String)[pri:0, instance:testcases.SubcategoryTest@2f01783a]" started-at="2025-02-09T23:06:54 IST" name="initializeBrowser" finished-at="2025-02-09T23:06:59 IST" duration-ms="4939" status="PASS">
          <params>
            <param index="0">
              <value>
                <![CDATA[chrome]]>
              </value>
            </param>
          </params>
          <reporter-output>
          </reporter-output>
        </test-method> <!-- initializeBrowser -->
        <test-method signature="deleteExistingSubcategoryFromSubcategoryList()[pri:0, instance:testcases.SubcategoryTest@2f01783a]" started-at="2025-02-09T23:06:59 IST" name="deleteExistingSubcategoryFromSubcategoryList" description="Delete first subcategory listed in the Subcategory List" finished-at="2025-02-09T23:07:05 IST" duration-ms="5918" status="PASS">
          <reporter-output>
          </reporter-output>
        </test-method> <!-- deleteExistingSubcategoryFromSubcategoryList -->
        <test-method is-config="true" signature="driverQuit(org.testng.ITestResult)[pri:0, instance:testcases.SubcategoryTest@2f01783a]" started-at="2025-02-09T23:07:05 IST" name="driverQuit" finished-at="2025-02-09T23:07:06 IST" duration-ms="481" status="PASS">
          <params>
            <param index="0">
              <value>
                <![CDATA[[TestResult name=deleteExistingSubcategoryFromSubcategoryList status=SUCCESS method=SubcategoryTest.deleteExistingSubcategoryFromSubcategoryList()[pri:0, instance:testcases.SubcategoryTest@2f01783a] output={null}]]]>
              </value>
            </param>
          </params>
          <reporter-output>
          </reporter-output>
        </test-method> <!-- driverQuit -->
      </class> <!-- testcases.SubcategoryTest -->
    </test> <!-- TestNG -->
  </suite> <!-- Suite -->
</testng-results>
