<?xml version="1.0" encoding="UTF-8"?>
<!-- Generated by org.testng.reporters.JUnitXMLReporter -->
<testsuite ignored="3" hostname="LAPTOP-44BJ1AUP" failures="0" tests="1" name="TestNG" time="7.403" errors="0" timestamp="2025-01-28T11:14:00 IST">
  <testcase classname="testcases.LoginTestCase" name="userLoginWithValidUsernameandValidPassword" time="2.937"/>
  <testcase classname="testcases.LoginTestCase" name="userLoginWithInvalidUsernameandValidPassword" time="0.0">
    <ignored/>
  </testcase> <!-- userLoginWithInvalidUsernameandValidPassword -->
  <testcase classname="testcases.LoginTestCase" name="userLoginWithInvalidUsernameandInvalidPassword" time="0.0">
    <ignored/>
  </testcase> <!-- userLoginWithInvalidUsernameandInvalidPassword -->
  <testcase classname="testcases.LoginTestCase" name="userLoginWithValidUsernameandInvalidPassword" time="0.0">
    <ignored/>
  </testcase> <!-- userLoginWithValidUsernameandInvalidPassword -->
</testsuite> <!-- TestNG -->
