<?xml version="1.0" encoding="UTF-8"?>
<!-- Generated by org.testng.reporters.JUnitXMLReporter -->
<testsuite ignored="3" hostname="LAPTOP-44BJ1AUP" failures="0" tests="3" name="groupingtest" time="24.976" errors="0" timestamp="2025-02-09T22:23:35 IST">
  <testcase classname="testcases.LoginTest" name="userLoginWithInvalidUsernameandValidPassword" time="3.354"/>
  <testcase classname="testcases.LoginTest" name="userLoginWithValidUsernameandValidPassword" time="1.833"/>
  <testcase classname="testcases.SubcategoryTest" name="deleteExistingSubcategoryFromSubcategoryList" time="3.738"/>
  <testcase classname="testcases.LoginTest" name="userLoginWithInvalidUsernameandInvalidPassword" time="0.0">
    <ignored/>
  </testcase> <!-- userLoginWithInvalidUsernameandInvalidPassword -->
  <testcase classname="testcases.SubcategoryTest" name="addingNewSubcategoryInSubcategoryPage" time="0.0">
    <ignored/>
  </testcase> <!-- addingNewSubcategoryInSubcategoryPage -->
  <testcase classname="testcases.LoginTest" name="userLoginWithValidUsernameandInvalidPassword" time="0.0">
    <ignored/>
  </testcase> <!-- userLoginWithValidUsernameandInvalidPassword -->
</testsuite> <!-- groupingtest -->
