<?xml version="1.0" encoding="UTF-8"?>
<!-- Generated by org.testng.reporters.JUnitXMLReporter -->
<testsuite ignored="3" hostname="LAPTOP-44BJ1AUP" failures="0" tests="1" name="Test" time="7.338" errors="0" timestamp="2025-01-28T12:03:24 IST">
  <testcase classname="testcases.LoginTestCase" name="userLoginWithValidUsernameandValidPassword" time="3.133"/>
  <testcase classname="testcases.LoginTestCase" name="userLoginWithInvalidUsernameandValidPassword" time="0.0">
    <ignored/>
  </testcase> <!-- userLoginWithInvalidUsernameandValidPassword -->
  <testcase classname="testcases.LoginTestCase" name="userLoginWithInvalidUsernameandInvalidPassword" time="0.0">
    <ignored/>
  </testcase> <!-- userLoginWithInvalidUsernameandInvalidPassword -->
  <testcase classname="testcases.LoginTestCase" name="userLoginWithValidUsernameandInvalidPassword" time="0.0">
    <ignored/>
  </testcase> <!-- userLoginWithValidUsernameandInvalidPassword -->
</testsuite> <!-- Test -->
