<?xml version="1.0" encoding="UTF-8"?>
<!-- Generated by org.testng.reporters.JUnitXMLReporter -->
<testsuite ignored="3" hostname="LAPTOP-44BJ1AUP" failures="0" tests="1" name="Test2" time="5.639" errors="0" timestamp="2025-01-29T12:27:35 IST">
  <testcase classname="testcases.LoginTestCase" name="userLoginWithValidUsernameandInvalidPassword" time="1.729"/>
  <testcase classname="testcases.LoginTestCase" name="userLoginWithValidUsernameandValidPassword" time="0.0">
    <ignored/>
  </testcase> <!-- userLoginWithValidUsernameandValidPassword -->
  <testcase classname="testcases.LoginTestCase" name="userLoginWithInvalidUsernameandValidPassword" time="0.0">
    <ignored/>
  </testcase> <!-- userLoginWithInvalidUsernameandValidPassword -->
  <testcase classname="testcases.LoginTestCase" name="userLoginWithInvalidUsernameandInvalidPassword" time="0.0">
    <ignored/>
  </testcase> <!-- userLoginWithInvalidUsernameandInvalidPassword -->
</testsuite> <!-- Test2 -->
